#
# There is insufficient memory for the Java Runtime Environment to continue.
# Native memory allocation (mmap) failed to map 266338304 bytes. Error detail: G1 virtual space
# Possible reasons:
#   The system is out of physical RAM or swap space
#   This process is running with CompressedOops enabled, and the Java Heap may be blocking the growth of the native heap
# Possible solutions:
#   Reduce memory load on the system
#   Increase physical memory or swap space
#   Check if swap backing store is full
#   Decrease Java heap size (-Xmx/-Xms)
#   Decrease number of Java threads
#   Decrease Java thread stack sizes (-Xss)
#   Set larger code cache with -XX:ReservedCodeCacheSize=
#   JVM is running with Zero Based Compressed Oops mode in which the Java heap is
#     placed in the first 32GB address space. The Java Heap base address is the
#     maximum limit for the native heap growth. Please use -XX:HeapBaseMinAddress
#     to set the Java Heap base and to place the Java Heap above 32GB virtual address.
# This output file may be truncated or incomplete.
#
#  Out of Memory Error (os_windows.cpp:3603), pid=20576, tid=12292
#
# JRE version:  (21.0.3+9) (build )
# Java VM: OpenJDK 64-Bit Server VM (21.0.3+9-LTS, mixed mode, sharing, tiered, compressed oops, compressed class ptrs, g1 gc, windows-amd64)
# No core dump will be written. Minidumps are not enabled by default on client versions of Windows
#

---------------  S U M M A R Y ------------

Command Line: -Dnet.bytebuddy.agent.attacher.dump= net.bytebuddy.agent.Attacher com.sun.tools.attach.VirtualMachine 19916 C:\Users\xfei33\.m2\repository\net\bytebuddy\byte-buddy-agent\1.15.11\byte-buddy-agent-1.15.11.jar false 

Host: Intel(R) Core(TM) i5-8265U CPU @ 1.60GHz, 8 cores, 15G,  Windows 10 , 64 bit Build 19041 (10.0.19041.5198)
Time: Tue Feb 11 10:21:50 2025  Windows 10 , 64 bit Build 19041 (10.0.19041.5198) elapsed time: 0.018301 seconds (0d 0h 0m 0s)

---------------  T H R E A D  ---------------

Current thread (0x00000284b27d1900):  JavaThread "Unknown thread" [_thread_in_vm, id=12292, stack(0x0000009a7cd00000,0x0000009a7ce00000) (1024K)]

Stack: [0x0000009a7cd00000,0x0000009a7ce00000]
Native frames: (J=compiled Java code, j=interpreted, Vv=VM code, C=native code)
V  [jvm.dll+0x6d8019]
V  [jvm.dll+0x8b3993]
V  [jvm.dll+0x8b5cee]
V  [jvm.dll+0x8b63d3]
V  [jvm.dll+0x285436]
V  [jvm.dll+0x6d47e5]
V  [jvm.dll+0x6c8f1a]
V  [jvm.dll+0x35e13b]
V  [jvm.dll+0x365ce6]
V  [jvm.dll+0x3b7276]
V  [jvm.dll+0x3b7548]
V  [jvm.dll+0x33188c]
V  [jvm.dll+0x33257b]
V  [jvm.dll+0x87ba79]
V  [jvm.dll+0x3c4641]
V  [jvm.dll+0x864eb8]
V  [jvm.dll+0x4593de]
V  [jvm.dll+0x45af51]
C  [jli.dll+0x52ab]
C  [ucrtbase.dll+0x21bb2]
C  [KERNEL32.DLL+0x17374]
C  [ntdll.dll+0x4cc91]


---------------  P R O C E S S  ---------------

Threads class SMR info:
_java_thread_list=0x00007ffef6b70048, length=0, elements={
}

Java Threads: ( => current thread )
Total: 0

Other Threads:
  0x00000284b42124e0 WorkerThread "GC Thread#0"                     [id=24572, stack(0x0000009a7ce00000,0x0000009a7cf00000) (1024K)]
  0x00000284b4223160 ConcurrentGCThread "G1 Main Marker"            [id=9976, stack(0x0000009a7cf00000,0x0000009a7d000000) (1024K)]
  0x00000284b4223d20 WorkerThread "G1 Conc#0"                       [id=19484, stack(0x0000009a7d000000,0x0000009a7d100000) (1024K)]

[error occurred during error reporting (printing all threads), id 0xc0000005, EXCEPTION_ACCESS_VIOLATION (0xc0000005) at pc=0x00007ffef62749e7]
VM state: not at safepoint (not fully initialized)

VM Mutex/Monitor currently owned by a thread:  ([mutex/lock_event])
[0x00007ffef6be42a8] Heap_lock - owner thread: 0x00000284b27d1900

Heap address: 0x0000000702600000, size: 4058 MB, Compressed Oops mode: Zero based, Oop shift amount: 3

CDS archive(s) mapped at: [0x0000000000000000-0x0000000000000000-0x0000000000000000), size 0, SharedBaseAddress: 0x0000000800000000, ArchiveRelocationMode: 1.
Narrow klass base: 0x0000000000000000, Narrow klass shift: 0, Narrow klass range: 0x0

GC Precious Log:
 CardTable entry size: 512
 Card Set container configuration: InlinePtr #cards 4 size 8 Array Of Cards #cards 16 size 48 Howl #buckets 8 coarsen threshold 3686 Howl Bitmap #cards 512 size 80 coarsen threshold 460 Card regions per heap region 1 cards per card region 4096

Heap:
 garbage-first heap   total 0K, used 0K [0x0000000702600000, 0x0000000800000000)
  region size 2048K, 0 young (0K), 0 survivors (0K)

[error occurred during error reporting (printing heap information), id 0xc0000005, EXCEPTION_ACCESS_VIOLATION (0xc0000005) at pc=0x00007ffef6662079]
GC Heap History (0 events):
No events

Dll operation events (1 events):
Event: 0.010 Loaded shared library C:\Users\xfei33\AppData\Roaming\.minecraft\runtime\java-runtime-delta\bin\java.dll

Deoptimization events (0 events):
No events

Classes loaded (0 events):
No events

Classes unloaded (0 events):
No events

Classes redefined (0 events):
No events

Internal exceptions (0 events):
No events

ZGC Phase Switch (0 events):
No events

VM Operations (0 events):
No events

Events (0 events):
No events


Dynamic libraries:
0x00007ff652ef0000 - 0x00007ff652efe000 	C:\Users\xfei33\AppData\Roaming\.minecraft\runtime\java-runtime-delta\bin\java.exe
0x00007fff92cd0000 - 0x00007fff92ec8000 	C:\Windows\SYSTEM32\ntdll.dll
0x00007fff92a50000 - 0x00007fff92b12000 	C:\Windows\System32\KERNEL32.DLL
0x00007fff904f0000 - 0x00007fff907ef000 	C:\Windows\System32\KERNELBASE.dll
0x00007fff90b90000 - 0x00007fff90c90000 	C:\Windows\System32\ucrtbase.dll
0x00007fff768a0000 - 0x00007fff768bb000 	C:\Users\xfei33\AppData\Roaming\.minecraft\runtime\java-runtime-delta\bin\VCRUNTIME140.dll
0x00007fff768c0000 - 0x00007fff768d8000 	C:\Users\xfei33\AppData\Roaming\.minecraft\runtime\java-runtime-delta\bin\jli.dll
0x00007fff91100000 - 0x00007fff9129d000 	C:\Windows\System32\USER32.dll
0x00007fff78910000 - 0x00007fff78baa000 	C:\Windows\WinSxS\amd64_microsoft.windows.common-controls_6595b64144ccf1df_6.0.19041.4355_none_60b8b9eb71f62e16\COMCTL32.dll
0x00007fff90a90000 - 0x00007fff90ab2000 	C:\Windows\System32\win32u.dll
0x00007fff929b0000 - 0x00007fff92a4e000 	C:\Windows\System32\msvcrt.dll
0x00007fff926a0000 - 0x00007fff926cb000 	C:\Windows\System32\GDI32.dll
0x00007fff90360000 - 0x00007fff90477000 	C:\Windows\System32\gdi32full.dll
0x00007fff90ac0000 - 0x00007fff90b5d000 	C:\Windows\System32\msvcp_win.dll
0x00007fff91cb0000 - 0x00007fff91cdf000 	C:\Windows\System32\IMM32.DLL
0x0000000072550000 - 0x000000007255d000 	C:\Program Files (x86)\360\360Safe\safemon\SafeWrapper.dll
0x00007fff91ce0000 - 0x00007fff91d91000 	C:\Windows\System32\ADVAPI32.dll
0x00007fff92bf0000 - 0x00007fff92c8f000 	C:\Windows\System32\sechost.dll
0x00007fff90e20000 - 0x00007fff90f43000 	C:\Windows\System32\RPCRT4.dll
0x00007fff90b60000 - 0x00007fff90b87000 	C:\Windows\System32\bcrypt.dll
0x00007fff76ca0000 - 0x00007fff76da5000 	C:\Program Files (x86)\360\360Safe\safemon\libzdtp64.dll
0x00007fff91db0000 - 0x00007fff9251e000 	C:\Windows\System32\SHELL32.dll
0x00007fff92950000 - 0x00007fff929a5000 	C:\Windows\System32\SHLWAPI.dll
0x00007fff8fe70000 - 0x00007fff8fe7a000 	C:\Windows\SYSTEM32\VERSION.dll
0x00007fff898e0000 - 0x00007fff898ec000 	C:\Users\xfei33\AppData\Roaming\.minecraft\runtime\java-runtime-delta\bin\vcruntime140_1.dll
0x00007fff3e850000 - 0x00007fff3e8dd000 	C:\Users\xfei33\AppData\Roaming\.minecraft\runtime\java-runtime-delta\bin\msvcp140.dll
0x00007ffef5f30000 - 0x00007ffef6cc4000 	C:\Users\xfei33\AppData\Roaming\.minecraft\runtime\java-runtime-delta\bin\server\jvm.dll
0x00007fff913d0000 - 0x00007fff9143b000 	C:\Windows\System32\WS2_32.dll
0x00007fff8f7a0000 - 0x00007fff8f7eb000 	C:\Windows\SYSTEM32\POWRPROF.dll
0x00007fff79380000 - 0x00007fff793a7000 	C:\Windows\SYSTEM32\WINMM.dll
0x00007fff8f6a0000 - 0x00007fff8f6b2000 	C:\Windows\SYSTEM32\UMPDC.dll
0x00007fff8eac0000 - 0x00007fff8ead2000 	C:\Windows\SYSTEM32\kernel.appcore.dll
0x00007fff76860000 - 0x00007fff7686a000 	C:\Users\xfei33\AppData\Roaming\.minecraft\runtime\java-runtime-delta\bin\jimage.dll
0x00007fff8e7f0000 - 0x00007fff8e9d4000 	C:\Windows\SYSTEM32\DBGHELP.DLL
0x00007fff65850000 - 0x00007fff65884000 	C:\Windows\SYSTEM32\dbgcore.DLL
0x00007fff907f0000 - 0x00007fff90872000 	C:\Windows\System32\bcryptPrimitives.dll
0x00007fff680b0000 - 0x00007fff680cf000 	C:\Users\xfei33\AppData\Roaming\.minecraft\runtime\java-runtime-delta\bin\java.dll

dbghelp: loaded successfully - version: 4.0.5 - missing functions: none
symbol engine: initialized successfully - sym options: 0x614 - pdb path: .;C:\Users\xfei33\AppData\Roaming\.minecraft\runtime\java-runtime-delta\bin;C:\Windows\SYSTEM32;C:\Windows\WinSxS\amd64_microsoft.windows.common-controls_6595b64144ccf1df_6.0.19041.4355_none_60b8b9eb71f62e16;C:\Program Files (x86)\360\360Safe\safemon;C:\Users\xfei33\AppData\Roaming\.minecraft\runtime\java-runtime-delta\bin\server

VM Arguments:
jvm_args: -Dnet.bytebuddy.agent.attacher.dump= 
java_command: net.bytebuddy.agent.Attacher com.sun.tools.attach.VirtualMachine 19916 C:\Users\xfei33\.m2\repository\net\bytebuddy\byte-buddy-agent\1.15.11\byte-buddy-agent-1.15.11.jar false 
java_class_path (initial): C:\Users\xfei33\.m2\repository\net\bytebuddy\byte-buddy-agent\1.15.11\byte-buddy-agent-1.15.11.jar
Launcher Type: SUN_STANDARD

[Global flags]
     intx CICompilerCount                          = 4                                         {product} {ergonomic}
     uint ConcGCThreads                            = 2                                         {product} {ergonomic}
     uint G1ConcRefinementThreads                  = 8                                         {product} {ergonomic}
   size_t G1HeapRegionSize                         = 2097152                                   {product} {ergonomic}
    uintx GCDrainStackTargetSize                   = 64                                        {product} {ergonomic}
   size_t InitialHeapSize                          = 266338304                                 {product} {ergonomic}
   size_t MarkStackSize                            = 4194304                                   {product} {ergonomic}
   size_t MaxHeapSize                              = 4255121408                                {product} {ergonomic}
   size_t MinHeapDeltaBytes                        = 2097152                                   {product} {ergonomic}
   size_t MinHeapSize                              = 8388608                                   {product} {ergonomic}
    uintx NonNMethodCodeHeapSize                   = 5839372                                {pd product} {ergonomic}
    uintx NonProfiledCodeHeapSize                  = 122909434                              {pd product} {ergonomic}
    uintx ProfiledCodeHeapSize                     = 122909434                              {pd product} {ergonomic}
    uintx ReservedCodeCacheSize                    = 251658240                              {pd product} {ergonomic}
     bool SegmentedCodeCache                       = true                                      {product} {ergonomic}
   size_t SoftMaxHeapSize                          = 4255121408                             {manageable} {ergonomic}
     bool UseCompressedOops                        = true                           {product lp64_product} {ergonomic}
     bool UseG1GC                                  = true                                      {product} {ergonomic}
     bool UseLargePagesIndividualAllocation        = false                                  {pd product} {ergonomic}

Logging:
Log output configuration:
 #0: stdout all=warning uptime,level,tags foldmultilines=false
 #1: stderr all=off uptime,level,tags foldmultilines=false

Environment Variables:
PATH=C:\Program Files (x86)\VMware\VMware Workstation\bin\;C:\Windows\system32;C:\Windows;C:\Windows\System32\Wbem;C:\Windows\System32\WindowsPowerShell\v1.0\;C:\Windows\System32\OpenSSH\;C:\Program Files\dotnet\;C:\Program Files (x86)\NVIDIA Corporation\PhysX\Common;C:\Program Files\Microsoft VS Code\bin;C:\Program Files (x86)\ZeroTier\One\;C:\Program Files\Pandoc\;D:\Program Files\platform-tools;C:\Program Files\OpenSSL-Win64\bin;D:\Program Files\nodejs\;C:\Program Files\Git\cmd;D:\Program Files\ffmpeg-7.0.2-full_build\bin;C:\Users\xfei33\AppData\Roaming\.minecraft\runtime\java-runtime-delta\bin;C:\Program Files\PowerShell\7\;C:\Program Files\NVIDIA Corporation\NVIDIA app\NvDLISR;C:\mingw64\bin;C:\Program Files\MySQL\MySQL Shell 8.0\bin\;C:\Users\xfei33\AppData\Local\Microsoft\WindowsApps;C:\Users\xfei33\AppData\Roaming\npm;D:\Program Files\Fiddler;C:\Program Files\JetBrains\IntelliJ IDEA Community Edition 2024.3.2.2\bin;;C:\Program Files\JetBrains\IntelliJ IDEA 2024.3.2.2\bin;
USERNAME=xfei33
OS=Windows_NT
PROCESSOR_IDENTIFIER=Intel64 Family 6 Model 142 Stepping 12, GenuineIntel
TMP=C:\Users\xfei33\AppData\Local\Temp
TEMP=C:\Users\xfei33\AppData\Local\Temp




Periodic native trim disabled

---------------  S Y S T E M  ---------------

OS:
 Windows 10 , 64 bit Build 19041 (10.0.19041.5198)
OS uptime: 3 days 21:23 hours
Hyper-V role detected

CPU: total 8 (initial active 8) (4 cores per cpu, 2 threads per core) family 6 model 142 stepping 12 microcode 0xde, cx8, cmov, fxsr, ht, mmx, 3dnowpref, sse, sse2, sse3, ssse3, sse4.1, sse4.2, popcnt, lzcnt, tsc, tscinvbit, avx, avx2, aes, erms, clmul, bmi1, bmi2, adx, fma, vzeroupper, clflush, clflushopt, hv, rdtscp, f16c
Processor Information for all 8 processors :
  Max Mhz: 1800, Current Mhz: 1800, Mhz Limit: 1584

Memory: 4k page, system-wide physical 16229M (652M free)
TotalPageFile size 24421M (AvailPageFile size 36M)
current process WorkingSet (physical memory assigned to process): 12M, peak: 12M
current process commit charge ("private bytes"): 60M, peak: 314M

vm_info: OpenJDK 64-Bit Server VM (21.0.3+9-LTS) for windows-amd64 JRE (21.0.3+9-LTS), built on 2024-04-10T01:25:38Z by "MicrosoftCorporation" with MS VC++ 16.10 / 16.11 (VS2019)

END.
